<?xml version="1.0" encoding="UTF-8"?>
<testsuite xmlns:xsi="http://www.w3.org/2001/XMLSchema-instance" xsi:noNamespaceSchemaLocation="https://maven.apache.org/surefire/maven-surefire-plugin/xsd/surefire-test-report.xsd" name="TestRunner" time="7.327" tests="24" errors="0" skipped="0" failures="0">
  <properties>
[...]
</properties>
  <testcase name="When I try to find the list of users in page 2" classname="Scenario: Verify the list of users are retrieved" time="0.001"/>
  <testcase name="Then the operation should be successful" classname="Scenario: Verify the list of users are retrieved" time="0"/>
  <testcase name="And should include the following values" classname="Scenario: Verify the list of users are retrieved" time="0"/>
  <testcase name="Scenario: Verify the list of users are retrieved" classname="Scenario: Verify the list of users are retrieved" time="0"/>
  <testcase name="When I try to find a single user with id 2" classname="| 2 | janet.weaver@reqres.in | https://reqres.in/img/faces/2-image.jpg |" time="0"/>
  <testcase name="Then the operation should be successful" classname="| 2 | janet.weaver@reqres.in | https://reqres.in/img/faces/2-image.jpg |" time="0"/>
  <testcase name="And should include the following values" classname="| 2 | janet.weaver@reqres.in | https://reqres.in/img/faces/2-image.jpg |" time="0"/>
  <testcase name="| 2 | janet.weaver@reqres.in | https://reqres.in/img/faces/2-image.jpg |" classname="| 2 | janet.weaver@reqres.in | https://reqres.in/img/faces/2-image.jpg |" time="0.001"/>
  <testcase name="When I try to find a single user with id 3" classname="| 3 | emma.wong@reqres.in | https://reqres.in/img/faces/3-image.jpg |" time="0"/>
  <testcase name="Then the operation should be successful" classname="| 3 | emma.wong@reqres.in | https://reqres.in/img/faces/3-image.jpg |" time="0"/>
  <testcase name="And should include the following values" classname="| 3 | emma.wong@reqres.in | https://reqres.in/img/faces/3-image.jpg |" time="0"/>
  <testcase name="| 3 | emma.wong@reqres.in | https://reqres.in/img/faces/3-image.jpg |" classname="| 3 | emma.wong@reqres.in | https://reqres.in/img/faces/3-image.jpg |" time="0"/>
  <testcase name="When I try to find a single user with id 2234" classname="| 2234 |" time="0"/>
  <testcase name="Then The status should be not found" classname="| 2234 |" time="0"/>
  <testcase name="| 2234 |" classname="| 2234 |" time="0.001"/>
  <testcase name="When I try to find a single user with id 0" classname="| 0 |" time="0"/>
  <testcase name="Then The status should be not found" classname="| 0 |" time="0"/>
  <testcase name="| 0 |" classname="| 0 |" time="0.001"/>
  <testcase name="When I try to create a user with the following data" classname="Scenario: Create a user and verify the user is created" time="0"/>
  <testcase name="Then the operation should be successful" classname="Scenario: Create a user and verify the user is created" time="0"/>
  <testcase name="Scenario: Create a user and verify the user is created" classname="Scenario: Create a user and verify the user is created" time="0"/>
  <testcase name="When I try to get the data" classname="Scenario: Try to get a service unavailable server and the operation should fail" time="0"/>
  <testcase name="Then the operation should fail because of service unavailable" classname="Scenario: Try to get a service unavailable server and the operation should fail" time="0"/>
  <testcase name="Scenario: Try to get a service unavailable server and the operation should fail" classname="Scenario: Try to get a service unavailable server and the operation should fail" time="0.001"/>
</testsuite>