<?xml version="1.0" encoding="UTF-8"?>
<testsuite xmlns:xsi="http://www.w3.org/2001/XMLSchema-instance" xsi:noNamespaceSchemaLocation="https://maven.apache.org/surefire/maven-surefire-plugin/xsd/surefire-test-report.xsd" name="TestRunner" time="3.234" tests="6" errors="0" skipped="0" failures="0">
  <properties>
[...]
</properties>
  <testcase name="Given I try to login to the server" classname="Scenario: Try to login to an API, retrieve a single user and verify the data" time="0"/>
  <testcase name="And the &quot;token&quot; of the response should be &quot;QpwL5tke4Pnpja7X4&quot;" classname="Scenario: Try to login to an API, retrieve a single user and verify the data" time="0"/>
  <testcase name="When I try to find a single user with id 2" classname="Scenario: Try to login to an API, retrieve a single user and verify the data" time="0"/>
  <testcase name="Then the operation should be successful" classname="Scenario: Try to login to an API, retrieve a single user and verify the data" time="0"/>
  <testcase name="And should include the following values" classname="Scenario: Try to login to an API, retrieve a single user and verify the data" time="0"/>
  <testcase name="Scenario: Try to login to an API, retrieve a single user and verify the data" classname="Scenario: Try to login to an API, retrieve a single user and verify the data" time="0"/>
</testsuite>